<?xml version='1.0' encoding='UTF-8'?>
<testsuite hostname="DESKTOP-1EHPUOU" name="streams.BloxorzSuite" tests="6" errors="0" failures="0" skipped="2" time="0.102">
                     <properties>
[...]
</properties>
                     <testcase classname="streams.BloxorzSuite" name="terrain function level 1" time="0.056">
                                                 
                                               </testcase><testcase classname="streams.BloxorzSuite" name="findChar level 1" time="0.013">
                                                 
                                               </testcase><testcase classname="streams.BloxorzSuite" name="neighborsWithHistory level 1" time="0.017">
                                                 
                                               </testcase><testcase classname="streams.BloxorzSuite" name="newNeighborsOnly level 1" time="0.018">
                                                 
                                               </testcase><testcase classname="streams.BloxorzSuite" name="optimal solution for level 1" time="-0.001">
                                                 <skipped/>
                                               </testcase><testcase classname="streams.BloxorzSuite" name="optimal solution length for level 1" time="-0.001">
                                                 <skipped/>
                                               </testcase>
                     <system-out></system-out>
                     <system-err></system-err>
                   </testsuite>